c:\users\user\desktop\programming\c++\operations\x64\debug\operations.pdb
c:\users\user\desktop\programming\c++\operations\x64\debug\operations.idb
c:\users\user\desktop\programming\c++\operations\operations\x64\debug\unit.obj
c:\users\user\desktop\programming\c++\operations\operations\x64\debug\symmetricaldifference.obj
c:\users\user\desktop\programming\c++\operations\operations\x64\debug\inversions.obj
c:\users\user\desktop\programming\c++\operations\operations\x64\debug\types.obj
c:\users\user\desktop\programming\c++\operations\operations\x64\debug\show.obj
c:\users\user\desktop\programming\c++\operations\operations\x64\debug\prototypes.obj
c:\users\user\desktop\programming\c++\operations\operations\x64\debug\destructor.obj
c:\users\user\desktop\programming\c++\operations\operations\x64\debug\crossing.obj
c:\users\user\desktop\programming\c++\operations\operations\x64\debug\continuations.obj
c:\users\user\desktop\programming\c++\operations\operations\x64\debug\constructor.obj
c:\users\user\desktop\programming\c++\operations\operations\x64\debug\constrictions.obj
c:\users\user\desktop\programming\c++\operations\operations\x64\debug\compositions.obj
c:\users\user\desktop\programming\c++\operations\operations\x64\debug\complements.obj
c:\users\user\desktop\programming\c++\operations\operations\x64\debug\differences.obj
c:\users\user\desktop\programming\c++\operations\x64\debug\operations.lib
c:\users\user\desktop\programming\c++\operations\operations\x64\debug\operations.tlog\cl.command.1.tlog
c:\users\user\desktop\programming\c++\operations\operations\x64\debug\operations.tlog\cl.read.1.tlog
c:\users\user\desktop\programming\c++\operations\operations\x64\debug\operations.tlog\cl.write.1.tlog
c:\users\user\desktop\programming\c++\operations\operations\x64\debug\operations.tlog\lib-link.read.1.tlog
c:\users\user\desktop\programming\c++\operations\operations\x64\debug\operations.tlog\lib-link.write.1.tlog
c:\users\user\desktop\programming\c++\operations\operations\x64\debug\operations.tlog\lib.command.1.tlog
